nohup: ignoring input
Número de GPUs detectadas: 2
GPU 1: NVIDIA GeForce RTX 2080 Ti com 10.75 GB de memória
GPU 2: NVIDIA GeForce RTX 2080 Ti com 10.75 GB de memória

Fold 1/5
Fold 1 | Época 1/1000 | Treino: 0.0844 | Val: 0.0683 | Acurácia: 55.87% | AUC: 0.8457 | F1: 0.6507
Fold 1 | Época 2/1000 | Treino: 0.0735 | Val: 0.1065 | Acurácia: 42.79% | AUC: 0.8386 | F1: 0.5945
Fold 1 | Época 3/1000 | Treino: 0.0696 | Val: 0.0730 | Acurácia: 79.03% | AUC: 0.8661 | F1: 0.7444
Fold 1 | Época 4/1000 | Treino: 0.0639 | Val: 0.0722 | Acurácia: 61.74% | AUC: 0.8714 | F1: 0.6789
Fold 1 | Época 5/1000 | Treino: 0.0606 | Val: 0.0586 | Acurácia: 80.70% | AUC: 0.8909 | F1: 0.7858
Fold 1 | Época 6/1000 | Treino: 0.0592 | Val: 0.0654 | Acurácia: 80.54% | AUC: 0.8957 | F1: 0.7689
Fold 1 | Época 7/1000 | Treino: 0.0556 | Val: 0.0845 | Acurácia: 80.54% | AUC: 0.8952 | F1: 0.7376
Fold 1 | Época 8/1000 | Treino: 0.0521 | Val: 0.0547 | Acurácia: 75.17% | AUC: 0.8975 | F1: 0.7597
Fold 1 | Época 9/1000 | Treino: 0.0522 | Val: 0.0572 | Acurácia: 68.46% | AUC: 0.8995 | F1: 0.7202
Fold 1 | Época 10/1000 | Treino: 0.0486 | Val: 0.0581 | Acurácia: 77.35% | AUC: 0.8931 | F1: 0.7723
Fold 1 | Época 11/1000 | Treino: 0.0466 | Val: 0.0590 | Acurácia: 81.54% | AUC: 0.8995 | F1: 0.7925
Fold 1 | Época 12/1000 | Treino: 0.0443 | Val: 0.0555 | Acurácia: 75.17% | AUC: 0.8957 | F1: 0.7605
Fold 1 | Época 13/1000 | Treino: 0.0436 | Val: 0.0555 | Acurácia: 81.21% | AUC: 0.8975 | F1: 0.7986
Fold 1 | Época 14/1000 | Treino: 0.0448 | Val: 0.0604 | Acurácia: 78.19% | AUC: 0.8858 | F1: 0.7645
Fold 1 | Época 15/1000 | Treino: 0.0418 | Val: 0.0624 | Acurácia: 81.71% | AUC: 0.9011 | F1: 0.7932
Fold 1 | Época 16/1000 | Treino: 0.0395 | Val: 0.0684 | Acurácia: 69.46% | AUC: 0.8882 | F1: 0.7200
Fold 1 | Época 17/1000 | Treino: 0.0370 | Val: 0.0622 | Acurácia: 74.66% | AUC: 0.8870 | F1: 0.7537
Fold 1 | Época 18/1000 | Treino: 0.0374 | Val: 0.0527 | Acurácia: 80.20% | AUC: 0.9107 | F1: 0.7885
Fold 1 | Época 19/1000 | Treino: 0.0357 | Val: 0.0540 | Acurácia: 83.56% | AUC: 0.9143 | F1: 0.8158
Fold 1 | Época 20/1000 | Treino: 0.0342 | Val: 0.0646 | Acurácia: 81.71% | AUC: 0.9023 | F1: 0.7963
Fold 1 | Época 21/1000 | Treino: 0.0303 | Val: 0.0642 | Acurácia: 78.86% | AUC: 0.8834 | F1: 0.7726
Fold 1 | Época 22/1000 | Treino: 0.0327 | Val: 0.0602 | Acurácia: 78.19% | AUC: 0.8892 | F1: 0.7653
Fold 1 | Época 23/1000 | Treino: 0.0297 | Val: 0.0869 | Acurácia: 81.04% | AUC: 0.8967 | F1: 0.7789
Fold 1 | Época 24/1000 | Treino: 0.0280 | Val: 0.0665 | Acurácia: 76.34% | AUC: 0.8799 | F1: 0.7590
Fold 1 | Época 25/1000 | Treino: 0.0280 | Val: 0.0550 | Acurácia: 80.37% | AUC: 0.9044 | F1: 0.7922
Fold 1 | Época 26/1000 | Treino: 0.0258 | Val: 0.0761 | Acurácia: 80.54% | AUC: 0.8887 | F1: 0.7769
Fold 1 | Época 27/1000 | Treino: 0.0240 | Val: 0.0761 | Acurácia: 72.48% | AUC: 0.8843 | F1: 0.7389
Fold 1 | Época 28/1000 | Treino: 0.0227 | Val: 0.0733 | Acurácia: 81.54% | AUC: 0.8972 | F1: 0.7893
Fold 1 | Época 29/1000 | Treino: 0.0264 | Val: 0.0750 | Acurácia: 77.18% | AUC: 0.8778 | F1: 0.7554
Fold 1 | Época 30/1000 | Treino: 0.0249 | Val: 0.0940 | Acurácia: 81.54% | AUC: 0.8977 | F1: 0.7727
Fold 1 | Época 31/1000 | Treino: 0.0222 | Val: 0.0770 | Acurácia: 77.68% | AUC: 0.8748 | F1: 0.7577
Fold 1 | Época 32/1000 | Treino: 0.0204 | Val: 0.0748 | Acurácia: 70.97% | AUC: 0.9034 | F1: 0.7334
Fold 1 | Época 33/1000 | Treino: 0.0206 | Val: 0.0656 | Acurácia: 73.15% | AUC: 0.8949 | F1: 0.7428
Fold 1 | Época 34/1000 | Treino: 0.0193 | Val: 0.0812 | Acurácia: 82.55% | AUC: 0.9015 | F1: 0.7878
Fold 1 | Época 35/1000 | Treino: 0.0205 | Val: 0.0640 | Acurácia: 79.36% | AUC: 0.9007 | F1: 0.7823
Fold 1 | Época 36/1000 | Treino: 0.0168 | Val: 0.0815 | Acurácia: 69.63% | AUC: 0.8871 | F1: 0.7253
Fold 1 | Época 37/1000 | Treino: 0.0193 | Val: 0.0821 | Acurácia: 81.04% | AUC: 0.8962 | F1: 0.7814
Fold 1 | Época 38/1000 | Treino: 0.0202 | Val: 0.0812 | Acurácia: 80.70% | AUC: 0.8743 | F1: 0.7723
Fold 1 | Época 39/1000 | Treino: 0.0159 | Val: 0.0959 | Acurácia: 81.21% | AUC: 0.8939 | F1: 0.7742
Fold 1 | Época 40/1000 | Treino: 0.0177 | Val: 0.0635 | Acurácia: 77.85% | AUC: 0.9010 | F1: 0.7785
Fold 1 | Época 41/1000 | Treino: 0.0145 | Val: 0.0930 | Acurácia: 71.14% | AUC: 0.8541 | F1: 0.7162
Fold 1 | Época 42/1000 | Treino: 0.0159 | Val: 0.0845 | Acurácia: 73.32% | AUC: 0.8762 | F1: 0.7456
Fold 1 | Época 43/1000 | Treino: 0.0150 | Val: 0.0853 | Acurácia: 76.01% | AUC: 0.8828 | F1: 0.7629
Fold 1 | Época 44/1000 | Treino: 0.0145 | Val: 0.0922 | Acurácia: 71.14% | AUC: 0.8792 | F1: 0.7329
Fold 1 | Época 45/1000 | Treino: 0.0169 | Val: 0.0796 | Acurácia: 78.02% | AUC: 0.8780 | F1: 0.7570
Fold 1 | Época 46/1000 | Treino: 0.0113 | Val: 0.0983 | Acurácia: 76.34% | AUC: 0.8844 | F1: 0.7606
Fold 1 | Época 47/1000 | Treino: 0.0142 | Val: 0.0950 | Acurácia: 78.52% | AUC: 0.8717 | F1: 0.7656
Fold 1 | Época 48/1000 | Treino: 0.0143 | Val: 0.0774 | Acurácia: 76.85% | AUC: 0.8792 | F1: 0.7527
Fold 1 | Época 49/1000 | Treino: 0.0125 | Val: 0.1048 | Acurácia: 80.37% | AUC: 0.8969 | F1: 0.7636
Fold 1 | Época 50/1000 | Treino: 0.0108 | Val: 0.0990 | Acurácia: 80.03% | AUC: 0.8875 | F1: 0.7792
Fold 1 | Época 51/1000 | Treino: 0.0121 | Val: 0.0923 | Acurácia: 75.34% | AUC: 0.8629 | F1: 0.7461
Fold 1 | Época 52/1000 | Treino: 0.0137 | Val: 0.0727 | Acurácia: 76.68% | AUC: 0.8696 | F1: 0.7549
Fold 1 | Época 53/1000 | Treino: 0.0131 | Val: 0.1049 | Acurácia: 73.15% | AUC: 0.8712 | F1: 0.7436
Fold 1 | Época 54/1000 | Treino: 0.0115 | Val: 0.0910 | Acurácia: 74.33% | AUC: 0.8959 | F1: 0.7520
Fold 1 | Época 55/1000 | Treino: 0.0106 | Val: 0.0798 | Acurácia: 78.36% | AUC: 0.8869 | F1: 0.7692
Fold 1 | Época 56/1000 | Treino: 0.0124 | Val: 0.0859 | Acurácia: 72.65% | AUC: 0.8653 | F1: 0.7297
Fold 1 | Época 57/1000 | Treino: 0.0085 | Val: 0.0923 | Acurácia: 80.37% | AUC: 0.8879 | F1: 0.7771
Fold 1 | Época 58/1000 | Treino: 0.0115 | Val: 0.1110 | Acurácia: 76.01% | AUC: 0.8523 | F1: 0.7307
Fold 1 - Early stopping at epoch 58

Fold 2/5
Fold 2 | Época 1/1000 | Treino: 0.0853 | Val: 0.0786 | Acurácia: 47.23% | AUC: 0.8051 | F1: 0.6262
Fold 2 | Época 2/1000 | Treino: 0.0751 | Val: 0.0607 | Acurácia: 77.65% | AUC: 0.8831 | F1: 0.7802
Fold 2 | Época 3/1000 | Treino: 0.0688 | Val: 0.0874 | Acurácia: 52.61% | AUC: 0.8697 | F1: 0.6519
Fold 2 | Época 4/1000 | Treino: 0.0669 | Val: 0.0513 | Acurácia: 77.48% | AUC: 0.9144 | F1: 0.7926
Fold 2 | Época 5/1000 | Treino: 0.0625 | Val: 0.1169 | Acurácia: 74.96% | AUC: 0.8968 | F1: 0.6357
Fold 2 | Época 6/1000 | Treino: 0.0619 | Val: 0.0966 | Acurácia: 79.16% | AUC: 0.9019 | F1: 0.7182
Fold 2 | Época 7/1000 | Treino: 0.0565 | Val: 0.0747 | Acurácia: 81.01% | AUC: 0.8887 | F1: 0.7872
Fold 2 | Época 8/1000 | Treino: 0.0570 | Val: 0.0552 | Acurácia: 81.85% | AUC: 0.9099 | F1: 0.8105
Fold 2 | Época 9/1000 | Treino: 0.0523 | Val: 0.0608 | Acurácia: 84.54% | AUC: 0.9166 | F1: 0.8303
Fold 2 | Época 10/1000 | Treino: 0.0526 | Val: 0.0565 | Acurácia: 79.50% | AUC: 0.8974 | F1: 0.7911
Fold 2 | Época 11/1000 | Treino: 0.0500 | Val: 0.0587 | Acurácia: 80.84% | AUC: 0.9049 | F1: 0.7950
Fold 2 | Época 12/1000 | Treino: 0.0469 | Val: 0.0508 | Acurácia: 78.49% | AUC: 0.9146 | F1: 0.7935
Fold 2 | Época 13/1000 | Treino: 0.0472 | Val: 0.0489 | Acurácia: 78.32% | AUC: 0.9181 | F1: 0.7929
Fold 2 | Época 14/1000 | Treino: 0.0432 | Val: 0.0702 | Acurácia: 66.22% | AUC: 0.9189 | F1: 0.7228
Fold 2 | Época 15/1000 | Treino: 0.0432 | Val: 0.0500 | Acurácia: 80.34% | AUC: 0.9156 | F1: 0.8053
Fold 2 | Época 16/1000 | Treino: 0.0394 | Val: 0.0892 | Acurácia: 62.02% | AUC: 0.9080 | F1: 0.6995
Fold 2 | Época 17/1000 | Treino: 0.0384 | Val: 0.0534 | Acurácia: 82.02% | AUC: 0.9176 | F1: 0.8133
Fold 2 | Época 18/1000 | Treino: 0.0358 | Val: 0.0570 | Acurácia: 81.34% | AUC: 0.9044 | F1: 0.8090
Fold 2 | Época 19/1000 | Treino: 0.0384 | Val: 0.0583 | Acurácia: 68.91% | AUC: 0.9129 | F1: 0.7338
Fold 2 | Época 20/1000 | Treino: 0.0363 | Val: 0.0719 | Acurácia: 69.24% | AUC: 0.9174 | F1: 0.7382
Fold 2 | Época 21/1000 | Treino: 0.0329 | Val: 0.0522 | Acurácia: 81.51% | AUC: 0.9180 | F1: 0.8129
Fold 2 | Época 22/1000 | Treino: 0.0339 | Val: 0.0605 | Acurácia: 75.80% | AUC: 0.9166 | F1: 0.7798
Fold 2 | Época 23/1000 | Treino: 0.0335 | Val: 0.0576 | Acurácia: 83.87% | AUC: 0.9223 | F1: 0.8216
Fold 2 | Época 24/1000 | Treino: 0.0308 | Val: 0.0600 | Acurácia: 75.29% | AUC: 0.8924 | F1: 0.7678
Fold 2 | Época 25/1000 | Treino: 0.0287 | Val: 0.0563 | Acurácia: 78.32% | AUC: 0.9117 | F1: 0.7923
Fold 2 | Época 26/1000 | Treino: 0.0289 | Val: 0.0648 | Acurácia: 77.14% | AUC: 0.8842 | F1: 0.7741
Fold 2 | Época 27/1000 | Treino: 0.0257 | Val: 0.0840 | Acurácia: 68.57% | AUC: 0.8911 | F1: 0.7309
Fold 2 | Época 28/1000 | Treino: 0.0271 | Val: 0.0651 | Acurácia: 72.27% | AUC: 0.9060 | F1: 0.7534
Fold 2 | Época 29/1000 | Treino: 0.0259 | Val: 0.0648 | Acurácia: 81.18% | AUC: 0.9122 | F1: 0.8069
Fold 2 | Época 30/1000 | Treino: 0.0242 | Val: 0.0661 | Acurácia: 80.84% | AUC: 0.9013 | F1: 0.8048
Fold 2 | Época 31/1000 | Treino: 0.0217 | Val: 0.0685 | Acurácia: 80.84% | AUC: 0.9012 | F1: 0.8094
Fold 2 | Época 32/1000 | Treino: 0.0253 | Val: 0.0769 | Acurácia: 82.02% | AUC: 0.9012 | F1: 0.8037
Fold 2 | Época 33/1000 | Treino: 0.0193 | Val: 0.0604 | Acurácia: 78.32% | AUC: 0.9095 | F1: 0.7902
Fold 2 | Época 34/1000 | Treino: 0.0231 | Val: 0.0797 | Acurácia: 83.87% | AUC: 0.9070 | F1: 0.8209
Fold 2 | Época 35/1000 | Treino: 0.0193 | Val: 0.0588 | Acurácia: 81.51% | AUC: 0.9164 | F1: 0.8154
Fold 2 | Época 36/1000 | Treino: 0.0197 | Val: 0.0640 | Acurácia: 82.02% | AUC: 0.9084 | F1: 0.8086
Fold 2 | Época 37/1000 | Treino: 0.0179 | Val: 0.0743 | Acurácia: 81.68% | AUC: 0.9023 | F1: 0.8124
Fold 2 | Época 38/1000 | Treino: 0.0178 | Val: 0.0666 | Acurácia: 84.71% | AUC: 0.9102 | F1: 0.8312
Fold 2 | Época 39/1000 | Treino: 0.0157 | Val: 0.1090 | Acurácia: 80.17% | AUC: 0.8987 | F1: 0.7640
Fold 2 | Época 40/1000 | Treino: 0.0170 | Val: 0.0664 | Acurácia: 75.80% | AUC: 0.9071 | F1: 0.7743
Fold 2 | Época 41/1000 | Treino: 0.0131 | Val: 0.0828 | Acurácia: 81.85% | AUC: 0.9109 | F1: 0.8092
Fold 2 | Época 42/1000 | Treino: 0.0171 | Val: 0.0976 | Acurácia: 81.85% | AUC: 0.8950 | F1: 0.7866
Fold 2 | Época 43/1000 | Treino: 0.0199 | Val: 0.0782 | Acurácia: 77.31% | AUC: 0.9094 | F1: 0.7887
Fold 2 | Época 44/1000 | Treino: 0.0151 | Val: 0.0718 | Acurácia: 81.85% | AUC: 0.9069 | F1: 0.8105
Fold 2 | Época 45/1000 | Treino: 0.0154 | Val: 0.0705 | Acurácia: 80.00% | AUC: 0.8931 | F1: 0.7945
Fold 2 | Época 46/1000 | Treino: 0.0142 | Val: 0.1152 | Acurácia: 69.58% | AUC: 0.8886 | F1: 0.7411
Fold 2 | Época 47/1000 | Treino: 0.0143 | Val: 0.0745 | Acurácia: 75.80% | AUC: 0.9017 | F1: 0.7736
Fold 2 | Época 48/1000 | Treino: 0.0141 | Val: 0.1137 | Acurácia: 64.71% | AUC: 0.8955 | F1: 0.7091
Fold 2 | Época 49/1000 | Treino: 0.0148 | Val: 0.0660 | Acurácia: 81.34% | AUC: 0.9086 | F1: 0.8103
Fold 2 | Época 50/1000 | Treino: 0.0124 | Val: 0.0962 | Acurácia: 83.19% | AUC: 0.9026 | F1: 0.8106
Fold 2 | Época 51/1000 | Treino: 0.0135 | Val: 0.0734 | Acurácia: 82.86% | AUC: 0.9105 | F1: 0.8125
Fold 2 | Época 52/1000 | Treino: 0.0122 | Val: 0.0771 | Acurácia: 79.66% | AUC: 0.9106 | F1: 0.8045
Fold 2 | Época 53/1000 | Treino: 0.0110 | Val: 0.0965 | Acurácia: 83.36% | AUC: 0.9036 | F1: 0.8170
Fold 2 - Early stopping at epoch 53

Fold 3/5
Fold 3 | Época 1/1000 | Treino: 0.0854 | Val: 0.0776 | Acurácia: 61.85% | AUC: 0.7616 | F1: 0.6969
Fold 3 | Época 2/1000 | Treino: 0.0733 | Val: 0.0745 | Acurácia: 60.50% | AUC: 0.8313 | F1: 0.6999
Fold 3 | Época 3/1000 | Treino: 0.0679 | Val: 0.2055 | Acurácia: 66.89% | AUC: 0.8216 | F1: 0.4718
Fold 3 | Época 4/1000 | Treino: 0.0641 | Val: 0.0606 | Acurácia: 69.24% | AUC: 0.8719 | F1: 0.7455
Fold 3 | Época 5/1000 | Treino: 0.0581 | Val: 0.0808 | Acurácia: 75.97% | AUC: 0.8478 | F1: 0.7539
Fold 3 | Época 6/1000 | Treino: 0.0567 | Val: 0.0602 | Acurácia: 73.78% | AUC: 0.8743 | F1: 0.7685
Fold 3 | Época 7/1000 | Treino: 0.0561 | Val: 0.1640 | Acurácia: 71.60% | AUC: 0.8561 | F1: 0.5947
Fold 3 | Época 8/1000 | Treino: 0.0522 | Val: 0.0924 | Acurácia: 79.33% | AUC: 0.8702 | F1: 0.7621
Fold 3 | Época 9/1000 | Treino: 0.0509 | Val: 0.0764 | Acurácia: 61.85% | AUC: 0.8760 | F1: 0.7079
Fold 3 | Época 10/1000 | Treino: 0.0479 | Val: 0.0740 | Acurácia: 79.50% | AUC: 0.8875 | F1: 0.7925
Fold 3 | Época 11/1000 | Treino: 0.0488 | Val: 0.0836 | Acurácia: 80.17% | AUC: 0.8791 | F1: 0.7765
Fold 3 | Época 12/1000 | Treino: 0.0441 | Val: 0.0630 | Acurácia: 73.11% | AUC: 0.8978 | F1: 0.7708
Fold 3 | Época 13/1000 | Treino: 0.0448 | Val: 0.0626 | Acurácia: 66.22% | AUC: 0.8965 | F1: 0.7295
Fold 3 | Época 14/1000 | Treino: 0.0430 | Val: 0.0558 | Acurácia: 74.96% | AUC: 0.9025 | F1: 0.7793
Fold 3 | Época 15/1000 | Treino: 0.0414 | Val: 0.0845 | Acurácia: 63.03% | AUC: 0.8851 | F1: 0.7128
Fold 3 | Época 16/1000 | Treino: 0.0443 | Val: 0.0860 | Acurácia: 82.02% | AUC: 0.8999 | F1: 0.7938
Fold 3 | Época 17/1000 | Treino: 0.0393 | Val: 0.0570 | Acurácia: 80.00% | AUC: 0.8966 | F1: 0.8059
Fold 3 | Época 18/1000 | Treino: 0.0378 | Val: 0.0556 | Acurácia: 77.82% | AUC: 0.8947 | F1: 0.7937
Fold 3 | Época 19/1000 | Treino: 0.0365 | Val: 0.0775 | Acurácia: 81.68% | AUC: 0.8942 | F1: 0.7947
Fold 3 | Época 20/1000 | Treino: 0.0341 | Val: 0.0852 | Acurácia: 80.34% | AUC: 0.8933 | F1: 0.7805
Fold 3 | Época 21/1000 | Treino: 0.0371 | Val: 0.0844 | Acurácia: 81.18% | AUC: 0.8942 | F1: 0.7903
Fold 3 | Época 22/1000 | Treino: 0.0301 | Val: 0.0888 | Acurácia: 80.67% | AUC: 0.8838 | F1: 0.7874
Fold 3 | Época 23/1000 | Treino: 0.0308 | Val: 0.0537 | Acurácia: 79.50% | AUC: 0.9081 | F1: 0.8019
Fold 3 | Época 24/1000 | Treino: 0.0302 | Val: 0.0661 | Acurácia: 80.84% | AUC: 0.8905 | F1: 0.8041
Fold 3 | Época 25/1000 | Treino: 0.0266 | Val: 0.0817 | Acurácia: 80.50% | AUC: 0.8910 | F1: 0.7906
Fold 3 | Época 26/1000 | Treino: 0.0274 | Val: 0.0599 | Acurácia: 81.85% | AUC: 0.9064 | F1: 0.8151
Fold 3 | Época 27/1000 | Treino: 0.0276 | Val: 0.0796 | Acurácia: 68.74% | AUC: 0.8957 | F1: 0.7438
Fold 3 | Época 28/1000 | Treino: 0.0266 | Val: 0.0691 | Acurácia: 81.68% | AUC: 0.8994 | F1: 0.8192
Fold 3 | Época 29/1000 | Treino: 0.0264 | Val: 0.0676 | Acurácia: 81.34% | AUC: 0.8996 | F1: 0.8134
Fold 3 | Época 30/1000 | Treino: 0.0264 | Val: 0.0700 | Acurácia: 78.49% | AUC: 0.8952 | F1: 0.7915
Fold 3 | Época 31/1000 | Treino: 0.0230 | Val: 0.0965 | Acurácia: 80.17% | AUC: 0.8788 | F1: 0.7815
Fold 3 | Época 32/1000 | Treino: 0.0248 | Val: 0.0643 | Acurácia: 78.99% | AUC: 0.9005 | F1: 0.7934
Fold 3 | Época 33/1000 | Treino: 0.0195 | Val: 0.0605 | Acurácia: 76.30% | AUC: 0.8975 | F1: 0.7827
Fold 3 | Época 34/1000 | Treino: 0.0197 | Val: 0.0912 | Acurácia: 79.16% | AUC: 0.8813 | F1: 0.7704
Fold 3 | Época 35/1000 | Treino: 0.0225 | Val: 0.0967 | Acurácia: 65.88% | AUC: 0.8403 | F1: 0.7297
Fold 3 | Época 36/1000 | Treino: 0.0196 | Val: 0.0750 | Acurácia: 81.18% | AUC: 0.9020 | F1: 0.8089
Fold 3 | Época 37/1000 | Treino: 0.0203 | Val: 0.0717 | Acurácia: 77.98% | AUC: 0.8864 | F1: 0.7842
Fold 3 | Época 38/1000 | Treino: 0.0166 | Val: 0.1069 | Acurácia: 68.57% | AUC: 0.8748 | F1: 0.7414
Fold 3 | Época 39/1000 | Treino: 0.0167 | Val: 0.0870 | Acurácia: 76.97% | AUC: 0.8856 | F1: 0.7736
Fold 3 | Época 40/1000 | Treino: 0.0211 | Val: 0.0858 | Acurácia: 79.83% | AUC: 0.8858 | F1: 0.7842
Fold 3 | Época 41/1000 | Treino: 0.0179 | Val: 0.1538 | Acurácia: 76.97% | AUC: 0.8860 | F1: 0.7066
Fold 3 | Época 42/1000 | Treino: 0.0172 | Val: 0.0776 | Acurácia: 80.67% | AUC: 0.8944 | F1: 0.8014
Fold 3 | Época 43/1000 | Treino: 0.0150 | Val: 0.0744 | Acurácia: 76.97% | AUC: 0.8890 | F1: 0.7794
Fold 3 | Época 44/1000 | Treino: 0.0150 | Val: 0.0790 | Acurácia: 80.50% | AUC: 0.8929 | F1: 0.8047
Fold 3 | Época 45/1000 | Treino: 0.0144 | Val: 0.0838 | Acurácia: 79.16% | AUC: 0.8811 | F1: 0.7855
Fold 3 | Época 46/1000 | Treino: 0.0165 | Val: 0.0906 | Acurácia: 78.15% | AUC: 0.8806 | F1: 0.7789
Fold 3 | Época 47/1000 | Treino: 0.0126 | Val: 0.0971 | Acurácia: 80.67% | AUC: 0.8850 | F1: 0.7972
Fold 3 | Época 48/1000 | Treino: 0.0141 | Val: 0.0710 | Acurácia: 81.34% | AUC: 0.8968 | F1: 0.8165
Fold 3 | Época 49/1000 | Treino: 0.0155 | Val: 0.0907 | Acurácia: 80.50% | AUC: 0.8846 | F1: 0.8020
Fold 3 | Época 50/1000 | Treino: 0.0124 | Val: 0.1005 | Acurácia: 80.84% | AUC: 0.8885 | F1: 0.7824
Fold 3 | Época 51/1000 | Treino: 0.0121 | Val: 0.0894 | Acurácia: 80.50% | AUC: 0.8917 | F1: 0.8007
Fold 3 | Época 52/1000 | Treino: 0.0116 | Val: 0.0843 | Acurácia: 82.18% | AUC: 0.8997 | F1: 0.8268
Fold 3 | Época 53/1000 | Treino: 0.0122 | Val: 0.1013 | Acurácia: 76.13% | AUC: 0.8832 | F1: 0.7760
Fold 3 | Época 54/1000 | Treino: 0.0129 | Val: 0.1029 | Acurácia: 78.15% | AUC: 0.8772 | F1: 0.7751
Fold 3 | Época 55/1000 | Treino: 0.0100 | Val: 0.0900 | Acurácia: 78.15% | AUC: 0.8762 | F1: 0.7848
Fold 3 | Época 56/1000 | Treino: 0.0102 | Val: 0.0756 | Acurácia: 79.16% | AUC: 0.8923 | F1: 0.7987
Fold 3 | Época 57/1000 | Treino: 0.0110 | Val: 0.0821 | Acurácia: 80.17% | AUC: 0.8932 | F1: 0.7966
Fold 3 | Época 58/1000 | Treino: 0.0114 | Val: 0.1017 | Acurácia: 76.81% | AUC: 0.8804 | F1: 0.7837
Fold 3 | Época 59/1000 | Treino: 0.0091 | Val: 0.0779 | Acurácia: 80.84% | AUC: 0.8900 | F1: 0.8094
Fold 3 | Época 60/1000 | Treino: 0.0119 | Val: 0.0899 | Acurácia: 78.15% | AUC: 0.9056 | F1: 0.7962
Fold 3 | Época 61/1000 | Treino: 0.0108 | Val: 0.0768 | Acurácia: 73.61% | AUC: 0.8848 | F1: 0.7667
Fold 3 | Época 62/1000 | Treino: 0.0117 | Val: 0.1191 | Acurácia: 83.36% | AUC: 0.8907 | F1: 0.8197
Fold 3 | Época 63/1000 | Treino: 0.0077 | Val: 0.1210 | Acurácia: 82.52% | AUC: 0.8890 | F1: 0.8038
Fold 3 - Early stopping at epoch 63

Fold 4/5
Fold 4 | Época 1/1000 | Treino: 0.0863 | Val: 0.0773 | Acurácia: 64.87% | AUC: 0.7833 | F1: 0.6819
Fold 4 | Época 2/1000 | Treino: 0.0749 | Val: 0.0657 | Acurácia: 66.22% | AUC: 0.8481 | F1: 0.7091
Fold 4 | Época 3/1000 | Treino: 0.0709 | Val: 0.0888 | Acurácia: 48.74% | AUC: 0.8641 | F1: 0.6285
Fold 4 | Época 4/1000 | Treino: 0.0685 | Val: 0.0622 | Acurácia: 80.84% | AUC: 0.8880 | F1: 0.7942
Fold 4 | Época 5/1000 | Treino: 0.0657 | Val: 0.0658 | Acurácia: 60.84% | AUC: 0.8839 | F1: 0.6872
Fold 4 | Época 6/1000 | Treino: 0.0622 | Val: 0.0538 | Acurácia: 74.62% | AUC: 0.9008 | F1: 0.7622
Fold 4 | Época 7/1000 | Treino: 0.0585 | Val: 0.0612 | Acurácia: 71.09% | AUC: 0.9040 | F1: 0.7448
Fold 4 | Época 8/1000 | Treino: 0.0550 | Val: 0.0521 | Acurácia: 78.66% | AUC: 0.9053 | F1: 0.7908
Fold 4 | Época 9/1000 | Treino: 0.0518 | Val: 0.0554 | Acurácia: 80.50% | AUC: 0.9043 | F1: 0.7929
Fold 4 | Época 10/1000 | Treino: 0.0523 | Val: 0.0563 | Acurácia: 71.93% | AUC: 0.9010 | F1: 0.7489
Fold 4 | Época 11/1000 | Treino: 0.0484 | Val: 0.0523 | Acurácia: 85.38% | AUC: 0.9196 | F1: 0.8398
Fold 4 | Época 12/1000 | Treino: 0.0496 | Val: 0.0497 | Acurácia: 80.00% | AUC: 0.9182 | F1: 0.8013
Fold 4 | Época 13/1000 | Treino: 0.0473 | Val: 0.0562 | Acurácia: 80.17% | AUC: 0.8928 | F1: 0.7979
Fold 4 | Época 14/1000 | Treino: 0.0454 | Val: 0.0814 | Acurácia: 66.39% | AUC: 0.9012 | F1: 0.7135
Fold 4 | Época 15/1000 | Treino: 0.0429 | Val: 0.0542 | Acurácia: 82.52% | AUC: 0.9096 | F1: 0.8129
Fold 4 | Época 16/1000 | Treino: 0.0415 | Val: 0.0532 | Acurácia: 80.34% | AUC: 0.9152 | F1: 0.8047
Fold 4 | Época 17/1000 | Treino: 0.0399 | Val: 0.0579 | Acurácia: 72.10% | AUC: 0.8959 | F1: 0.7485
Fold 4 | Época 18/1000 | Treino: 0.0396 | Val: 0.0545 | Acurácia: 81.51% | AUC: 0.9136 | F1: 0.8097
Fold 4 | Época 19/1000 | Treino: 0.0362 | Val: 0.0672 | Acurácia: 83.03% | AUC: 0.9034 | F1: 0.8039
Fold 4 | Época 20/1000 | Treino: 0.0353 | Val: 0.0723 | Acurácia: 68.57% | AUC: 0.9029 | F1: 0.7278
Fold 4 | Época 21/1000 | Treino: 0.0343 | Val: 0.0572 | Acurácia: 79.83% | AUC: 0.9083 | F1: 0.7931
Fold 4 | Época 22/1000 | Treino: 0.0325 | Val: 0.0619 | Acurácia: 77.65% | AUC: 0.9021 | F1: 0.7780
Fold 4 | Época 23/1000 | Treino: 0.0340 | Val: 0.0663 | Acurácia: 74.12% | AUC: 0.9110 | F1: 0.7609
Fold 4 | Época 24/1000 | Treino: 0.0307 | Val: 0.0599 | Acurácia: 74.12% | AUC: 0.9066 | F1: 0.7609
Fold 4 | Época 25/1000 | Treino: 0.0292 | Val: 0.0656 | Acurácia: 74.96% | AUC: 0.8844 | F1: 0.7631
Fold 4 | Época 26/1000 | Treino: 0.0287 | Val: 0.0587 | Acurácia: 76.30% | AUC: 0.9198 | F1: 0.7780
Fold 4 | Época 27/1000 | Treino: 0.0259 | Val: 0.0520 | Acurácia: 83.70% | AUC: 0.9213 | F1: 0.8283
Fold 4 | Época 28/1000 | Treino: 0.0277 | Val: 0.0594 | Acurácia: 84.54% | AUC: 0.9195 | F1: 0.8264
Fold 4 | Época 29/1000 | Treino: 0.0243 | Val: 0.0615 | Acurácia: 76.97% | AUC: 0.9004 | F1: 0.7780
Fold 4 | Época 30/1000 | Treino: 0.0261 | Val: 0.0668 | Acurácia: 81.68% | AUC: 0.8997 | F1: 0.7916
Fold 4 | Época 31/1000 | Treino: 0.0226 | Val: 0.0762 | Acurácia: 68.57% | AUC: 0.8991 | F1: 0.7254
Fold 4 | Época 32/1000 | Treino: 0.0248 | Val: 0.0703 | Acurácia: 76.81% | AUC: 0.8932 | F1: 0.7774
Fold 4 | Época 33/1000 | Treino: 0.0223 | Val: 0.0675 | Acurácia: 84.54% | AUC: 0.9109 | F1: 0.8210
Fold 4 | Época 34/1000 | Treino: 0.0202 | Val: 0.0883 | Acurácia: 81.18% | AUC: 0.8877 | F1: 0.7838
Fold 4 | Época 35/1000 | Treino: 0.0189 | Val: 0.0720 | Acurácia: 76.47% | AUC: 0.9079 | F1: 0.7771
Fold 4 | Época 36/1000 | Treino: 0.0208 | Val: 0.0685 | Acurácia: 82.02% | AUC: 0.9025 | F1: 0.8051
Fold 4 | Época 37/1000 | Treino: 0.0198 | Val: 0.0650 | Acurácia: 74.45% | AUC: 0.8948 | F1: 0.7625
Fold 4 | Época 38/1000 | Treino: 0.0208 | Val: 0.0713 | Acurácia: 78.32% | AUC: 0.8941 | F1: 0.7839
Fold 4 | Época 39/1000 | Treino: 0.0194 | Val: 0.0852 | Acurácia: 82.02% | AUC: 0.8948 | F1: 0.7977
Fold 4 | Época 40/1000 | Treino: 0.0162 | Val: 0.0746 | Acurácia: 79.66% | AUC: 0.8890 | F1: 0.7903
Fold 4 | Época 41/1000 | Treino: 0.0164 | Val: 0.0809 | Acurácia: 70.76% | AUC: 0.8798 | F1: 0.7395
Fold 4 | Época 42/1000 | Treino: 0.0190 | Val: 0.0806 | Acurácia: 75.13% | AUC: 0.8716 | F1: 0.7597
Fold 4 | Época 43/1000 | Treino: 0.0154 | Val: 0.0773 | Acurácia: 82.35% | AUC: 0.9016 | F1: 0.8135
Fold 4 | Época 44/1000 | Treino: 0.0148 | Val: 0.1002 | Acurácia: 77.48% | AUC: 0.8954 | F1: 0.7825
Fold 4 | Época 45/1000 | Treino: 0.0181 | Val: 0.0827 | Acurácia: 74.29% | AUC: 0.8938 | F1: 0.7613
Fold 4 | Época 46/1000 | Treino: 0.0134 | Val: 0.0807 | Acurácia: 79.50% | AUC: 0.8952 | F1: 0.7904
Fold 4 | Época 47/1000 | Treino: 0.0134 | Val: 0.0903 | Acurácia: 78.99% | AUC: 0.8878 | F1: 0.7811
Fold 4 | Época 48/1000 | Treino: 0.0120 | Val: 0.1081 | Acurácia: 82.35% | AUC: 0.8830 | F1: 0.7929
Fold 4 | Época 49/1000 | Treino: 0.0124 | Val: 0.0805 | Acurácia: 74.45% | AUC: 0.8950 | F1: 0.7625
Fold 4 | Época 50/1000 | Treino: 0.0124 | Val: 0.0801 | Acurácia: 73.11% | AUC: 0.8989 | F1: 0.7531
Fold 4 | Época 51/1000 | Treino: 0.0123 | Val: 0.0696 | Acurácia: 82.18% | AUC: 0.9074 | F1: 0.8114
Fold 4 | Época 52/1000 | Treino: 0.0114 | Val: 0.0932 | Acurácia: 82.86% | AUC: 0.8996 | F1: 0.8038
Fold 4 - Early stopping at epoch 52

Fold 5/5
Fold 5 | Época 1/1000 | Treino: 0.0858 | Val: 0.0767 | Acurácia: 52.94% | AUC: 0.8190 | F1: 0.6517
Fold 5 | Época 2/1000 | Treino: 0.0731 | Val: 0.0834 | Acurácia: 76.97% | AUC: 0.8357 | F1: 0.7458
Fold 5 | Época 3/1000 | Treino: 0.0693 | Val: 0.0852 | Acurácia: 78.32% | AUC: 0.8411 | F1: 0.7598
Fold 5 | Época 4/1000 | Treino: 0.0631 | Val: 0.0662 | Acurácia: 73.11% | AUC: 0.8606 | F1: 0.7484
Fold 5 | Época 5/1000 | Treino: 0.0615 | Val: 0.0643 | Acurácia: 66.55% | AUC: 0.8653 | F1: 0.7193
Fold 5 | Época 6/1000 | Treino: 0.0587 | Val: 0.0686 | Acurácia: 57.48% | AUC: 0.8583 | F1: 0.6761
Fold 5 | Época 7/1000 | Treino: 0.0579 | Val: 0.0605 | Acurácia: 66.22% | AUC: 0.8784 | F1: 0.7197
Fold 5 | Época 8/1000 | Treino: 0.0532 | Val: 0.0739 | Acurácia: 78.49% | AUC: 0.8715 | F1: 0.7647
Fold 5 | Época 9/1000 | Treino: 0.0506 | Val: 0.0783 | Acurácia: 59.16% | AUC: 0.8807 | F1: 0.6832
Fold 5 | Época 10/1000 | Treino: 0.0486 | Val: 0.0575 | Acurácia: 81.85% | AUC: 0.9034 | F1: 0.8071
Fold 5 | Época 11/1000 | Treino: 0.0491 | Val: 0.0535 | Acurácia: 73.78% | AUC: 0.9020 | F1: 0.7629
Fold 5 | Época 12/1000 | Treino: 0.0469 | Val: 0.0677 | Acurácia: 72.61% | AUC: 0.8861 | F1: 0.7599
Fold 5 | Época 13/1000 | Treino: 0.0431 | Val: 0.0695 | Acurácia: 67.06% | AUC: 0.8913 | F1: 0.7263
Fold 5 | Época 14/1000 | Treino: 0.0425 | Val: 0.0574 | Acurácia: 77.82% | AUC: 0.8934 | F1: 0.7836
Fold 5 | Época 15/1000 | Treino: 0.0417 | Val: 0.0617 | Acurácia: 75.13% | AUC: 0.8838 | F1: 0.7723
Fold 5 | Época 16/1000 | Treino: 0.0400 | Val: 0.0847 | Acurácia: 61.01% | AUC: 0.8990 | F1: 0.6963
Fold 5 | Época 17/1000 | Treino: 0.0393 | Val: 0.0777 | Acurácia: 79.16% | AUC: 0.8822 | F1: 0.7704
Fold 5 | Época 18/1000 | Treino: 0.0369 | Val: 0.0644 | Acurácia: 76.97% | AUC: 0.8753 | F1: 0.7705
Fold 5 | Época 19/1000 | Treino: 0.0355 | Val: 0.0677 | Acurácia: 68.74% | AUC: 0.8961 | F1: 0.7328
Fold 5 | Época 20/1000 | Treino: 0.0347 | Val: 0.0673 | Acurácia: 75.80% | AUC: 0.8850 | F1: 0.7647
Fold 5 | Época 21/1000 | Treino: 0.0327 | Val: 0.0562 | Acurácia: 76.81% | AUC: 0.8958 | F1: 0.7837
Fold 5 | Época 22/1000 | Treino: 0.0317 | Val: 0.0655 | Acurácia: 79.16% | AUC: 0.8908 | F1: 0.7891
Fold 5 | Época 23/1000 | Treino: 0.0296 | Val: 0.1392 | Acurácia: 53.61% | AUC: 0.8617 | F1: 0.6584
Fold 5 | Época 24/1000 | Treino: 0.0296 | Val: 0.0831 | Acurácia: 79.16% | AUC: 0.8822 | F1: 0.7678
Fold 5 | Época 25/1000 | Treino: 0.0280 | Val: 0.0611 | Acurácia: 76.81% | AUC: 0.8893 | F1: 0.7796
Fold 5 | Época 26/1000 | Treino: 0.0290 | Val: 0.0777 | Acurácia: 81.01% | AUC: 0.8848 | F1: 0.7934
Fold 5 | Época 27/1000 | Treino: 0.0258 | Val: 0.0628 | Acurácia: 76.97% | AUC: 0.9070 | F1: 0.7780
Fold 5 | Época 28/1000 | Treino: 0.0251 | Val: 0.0776 | Acurácia: 79.66% | AUC: 0.8860 | F1: 0.7828
Fold 5 | Época 29/1000 | Treino: 0.0252 | Val: 0.0957 | Acurácia: 66.72% | AUC: 0.8662 | F1: 0.7179
Fold 5 | Época 30/1000 | Treino: 0.0241 | Val: 0.0709 | Acurácia: 79.33% | AUC: 0.8851 | F1: 0.7897
Fold 5 | Época 31/1000 | Treino: 0.0219 | Val: 0.0799 | Acurácia: 78.15% | AUC: 0.8903 | F1: 0.7833
Fold 5 | Época 32/1000 | Treino: 0.0213 | Val: 0.0769 | Acurácia: 79.50% | AUC: 0.8908 | F1: 0.7882
Fold 5 | Época 33/1000 | Treino: 0.0210 | Val: 0.1003 | Acurácia: 81.85% | AUC: 0.8993 | F1: 0.7874
Fold 5 | Época 34/1000 | Treino: 0.0192 | Val: 0.1291 | Acurácia: 79.66% | AUC: 0.8898 | F1: 0.7409
Fold 5 | Época 35/1000 | Treino: 0.0206 | Val: 0.0694 | Acurácia: 76.81% | AUC: 0.8635 | F1: 0.7715
Fold 5 | Época 36/1000 | Treino: 0.0178 | Val: 0.0919 | Acurácia: 72.10% | AUC: 0.8987 | F1: 0.7530
Fold 5 | Época 37/1000 | Treino: 0.0190 | Val: 0.0719 | Acurácia: 75.29% | AUC: 0.8875 | F1: 0.7678
Fold 5 | Época 38/1000 | Treino: 0.0175 | Val: 0.0808 | Acurácia: 78.99% | AUC: 0.8863 | F1: 0.7863
Fold 5 | Época 39/1000 | Treino: 0.0153 | Val: 0.0838 | Acurácia: 77.65% | AUC: 0.8933 | F1: 0.7757
Fold 5 | Época 40/1000 | Treino: 0.0164 | Val: 0.0753 | Acurácia: 76.47% | AUC: 0.8852 | F1: 0.7819
Fold 5 | Época 41/1000 | Treino: 0.0181 | Val: 0.0780 | Acurácia: 79.66% | AUC: 0.8867 | F1: 0.7910
Fold 5 | Época 42/1000 | Treino: 0.0143 | Val: 0.0946 | Acurácia: 77.82% | AUC: 0.8756 | F1: 0.7829
Fold 5 | Época 43/1000 | Treino: 0.0162 | Val: 0.0795 | Acurácia: 77.82% | AUC: 0.8887 | F1: 0.7793
Fold 5 | Época 44/1000 | Treino: 0.0155 | Val: 0.1003 | Acurácia: 78.82% | AUC: 0.8744 | F1: 0.7717
Fold 5 | Época 45/1000 | Treino: 0.0166 | Val: 0.0868 | Acurácia: 76.13% | AUC: 0.8731 | F1: 0.7672
Fold 5 | Época 46/1000 | Treino: 0.0141 | Val: 0.0918 | Acurácia: 80.00% | AUC: 0.8805 | F1: 0.7986
Fold 5 | Época 47/1000 | Treino: 0.0151 | Val: 0.0931 | Acurácia: 80.34% | AUC: 0.8898 | F1: 0.7845
Fold 5 | Época 48/1000 | Treino: 0.0112 | Val: 0.0835 | Acurácia: 80.00% | AUC: 0.8890 | F1: 0.7916
Fold 5 | Época 49/1000 | Treino: 0.0121 | Val: 0.0922 | Acurácia: 80.67% | AUC: 0.8890 | F1: 0.7898
Fold 5 | Época 50/1000 | Treino: 0.0129 | Val: 0.0946 | Acurácia: 77.98% | AUC: 0.8786 | F1: 0.7768
Fold 5 | Época 51/1000 | Treino: 0.0111 | Val: 0.0975 | Acurácia: 77.98% | AUC: 0.8740 | F1: 0.7737
Fold 5 - Early stopping at epoch 51
Resultados do Cross-Validation: [{'test_loss': 0.1109544399054721, 'test_accuracy': 76.00671140939598, 'test_auc': 0.8522543352601156, 'test_f1': 0.7306967984934086}, {'test_loss': 0.09647340176355404, 'test_accuracy': 83.36134453781513, 'test_auc': 0.9036208001464799, 'test_f1': 0.8170055452865065}, {'test_loss': 0.12096145336826643, 'test_accuracy': 82.52100840336134, 'test_auc': 0.8889771463586228, 'test_f1': 0.8037735849056604}, {'test_loss': 0.09321503848497135, 'test_accuracy': 82.85714285714286, 'test_auc': 0.8996388563016124, 'test_f1': 0.8038461538461539}, {'test_loss': 0.09747319801089664, 'test_accuracy': 77.98319327731093, 'test_auc': 0.8739723211838859, 'test_f1': 0.7737478411053541}]

Resultados Finais:
Fold            Perda (Teste)   Acurácia        F1-Score        AUC-ROC        
Fold 1: 0.1110 | 76.01% | 0.7307 | 0.8523
Fold 2: 0.0965 | 83.36% | 0.8170 | 0.9036
Fold 3: 0.1210 | 82.52% | 0.8038 | 0.8890
Fold 4: 0.0932 | 82.86% | 0.8038 | 0.8996
Fold 5: 0.0975 | 77.98% | 0.7737 | 0.8740
