nohup: ignoring input
2025-02-21 17:12:59,727 - INFO - Dataset carregado com 2976 amostras.
2025-02-21 17:12:59,728 - INFO - Super Fold: 2529, Teste: 447
2025-02-21 17:13:10,208 - INFO - Modelo carregado a partir de: /home/thalles.fontainha/3dCnnOtimizada/best_model_fold_2.pth
2025-02-21 17:13:10,208 - INFO - Iniciando treinamento no Super Fold com Early Stopping...
2025-02-21 17:18:46,714 - INFO - Época 1 | Loss: 0.4964 | Acurácia: 59.73% | AUC: 0.9288 | F1: 0.6703
2025-02-21 17:24:30,675 - INFO - Época 2 | Loss: 0.2827 | Acurácia: 85.01% | AUC: 0.9360 | F1: 0.8370
2025-02-21 17:30:15,282 - INFO - Época 3 | Loss: 0.1554 | Acurácia: 67.11% | AUC: 0.8906 | F1: 0.7123
2025-02-21 17:36:01,160 - INFO - Época 4 | Loss: 0.0713 | Acurácia: 88.59% | AUC: 0.9391 | F1: 0.8633
2025-02-21 17:41:43,901 - INFO - Época 5 | Loss: 0.0649 | Acurácia: 87.25% | AUC: 0.9324 | F1: 0.8512
2025-02-21 17:47:26,679 - INFO - Época 6 | Loss: 0.0439 | Acurácia: 83.67% | AUC: 0.9191 | F1: 0.8232
2025-02-21 17:53:13,817 - INFO - Época 7 | Loss: 0.0676 | Acurácia: 88.59% | AUC: 0.9382 | F1: 0.8571
2025-02-21 17:58:56,913 - INFO - Época 8 | Loss: 0.0411 | Acurácia: 79.87% | AUC: 0.9051 | F1: 0.7917
2025-02-21 18:04:40,257 - INFO - Época 9 | Loss: 0.0401 | Acurácia: 69.80% | AUC: 0.9122 | F1: 0.7239
2025-02-21 18:10:22,079 - INFO - Época 10 | Loss: 0.0310 | Acurácia: 85.23% | AUC: 0.9176 | F1: 0.8281
2025-02-21 18:16:01,540 - INFO - Época 11 | Loss: 0.0565 | Acurácia: 85.91% | AUC: 0.9194 | F1: 0.8355
2025-02-21 18:21:43,417 - INFO - Época 12 | Loss: 0.0291 | Acurácia: 87.47% | AUC: 0.9303 | F1: 0.8526
2025-02-21 18:27:24,005 - INFO - Época 13 | Loss: 0.0033 | Acurácia: 87.25% | AUC: 0.9297 | F1: 0.8519
2025-02-21 18:33:03,919 - INFO - Época 14 | Loss: 0.0016 | Acurácia: 86.80% | AUC: 0.9300 | F1: 0.8468
2025-02-21 18:38:49,436 - INFO - Época 15 | Loss: 0.0009 | Acurácia: 87.02% | AUC: 0.9292 | F1: 0.8474
2025-02-21 18:44:31,367 - INFO - Época 16 | Loss: 0.0008 | Acurácia: 87.25% | AUC: 0.9291 | F1: 0.8504
2025-02-21 18:50:15,504 - INFO - Época 17 | Loss: 0.0007 | Acurácia: 86.80% | AUC: 0.9293 | F1: 0.8460
2025-02-21 18:56:01,943 - INFO - Época 18 | Loss: 0.0005 | Acurácia: 87.47% | AUC: 0.9297 | F1: 0.8495
2025-02-21 19:01:44,969 - INFO - Época 19 | Loss: 0.0005 | Acurácia: 86.80% | AUC: 0.9297 | F1: 0.8460
2025-02-21 19:07:26,793 - INFO - Época 20 | Loss: 0.0003 | Acurácia: 87.25% | AUC: 0.9290 | F1: 0.8504
2025-02-21 19:13:11,589 - INFO - Época 21 | Loss: 0.0003 | Acurácia: 86.80% | AUC: 0.9287 | F1: 0.8443
2025-02-21 19:18:58,429 - INFO - Época 22 | Loss: 0.0002 | Acurácia: 87.47% | AUC: 0.9278 | F1: 0.8503
2025-02-21 19:24:47,817 - INFO - Época 23 | Loss: 0.0003 | Acurácia: 87.25% | AUC: 0.9277 | F1: 0.8472
2025-02-21 19:30:34,750 - INFO - Época 24 | Loss: 0.0002 | Acurácia: 87.25% | AUC: 0.9276 | F1: 0.8519
2025-02-21 19:36:25,310 - INFO - Época 25 | Loss: 0.0002 | Acurácia: 87.25% | AUC: 0.9304 | F1: 0.8519
2025-02-21 19:42:09,829 - INFO - Época 26 | Loss: 0.0002 | Acurácia: 87.02% | AUC: 0.9256 | F1: 0.8474
2025-02-21 19:47:53,557 - INFO - Época 27 | Loss: 0.0002 | Acurácia: 86.80% | AUC: 0.9262 | F1: 0.8418
2025-02-21 19:53:39,237 - INFO - Época 28 | Loss: 0.0001 | Acurácia: 87.02% | AUC: 0.9270 | F1: 0.8457
2025-02-21 19:59:21,748 - INFO - Época 29 | Loss: 0.0001 | Acurácia: 87.47% | AUC: 0.9285 | F1: 0.8534
2025-02-21 20:05:03,604 - INFO - Época 30 | Loss: 0.0001 | Acurácia: 87.02% | AUC: 0.9229 | F1: 0.8466
2025-02-21 20:10:45,159 - INFO - Época 31 | Loss: 0.0004 | Acurácia: 79.64% | AUC: 0.9027 | F1: 0.6936
2025-02-21 20:16:30,661 - INFO - Época 32 | Loss: 0.3470 | Acurácia: 83.89% | AUC: 0.9252 | F1: 0.8200
2025-02-21 20:22:16,492 - INFO - Época 33 | Loss: 0.0563 | Acurácia: 82.10% | AUC: 0.9147 | F1: 0.7576
2025-02-21 20:28:03,012 - INFO - Época 34 | Loss: 0.0912 | Acurácia: 83.22% | AUC: 0.9295 | F1: 0.8227
2025-02-21 20:33:48,667 - INFO - Época 35 | Loss: 0.0348 | Acurácia: 86.35% | AUC: 0.9183 | F1: 0.8382
2025-02-21 20:39:32,629 - INFO - Época 36 | Loss: 0.0048 | Acurácia: 85.91% | AUC: 0.9174 | F1: 0.8338
2025-02-21 20:45:17,399 - INFO - Época 37 | Loss: 0.0020 | Acurácia: 85.91% | AUC: 0.9198 | F1: 0.8329
2025-02-21 20:51:05,574 - INFO - Época 38 | Loss: 0.0011 | Acurácia: 86.13% | AUC: 0.9208 | F1: 0.8368
2025-02-21 20:56:47,371 - INFO - Época 39 | Loss: 0.0008 | Acurácia: 86.35% | AUC: 0.9209 | F1: 0.8391
2025-02-21 21:02:33,389 - INFO - Época 40 | Loss: 0.0006 | Acurácia: 85.91% | AUC: 0.9208 | F1: 0.8329
2025-02-21 21:08:17,433 - INFO - Época 41 | Loss: 0.0004 | Acurácia: 85.68% | AUC: 0.9213 | F1: 0.8280
2025-02-21 21:13:58,127 - INFO - Época 42 | Loss: 0.0004 | Acurácia: 86.13% | AUC: 0.9211 | F1: 0.8342
2025-02-21 21:19:41,516 - INFO - Época 43 | Loss: 0.0002 | Acurácia: 85.91% | AUC: 0.9214 | F1: 0.8311
2025-02-21 21:25:25,358 - INFO - Época 44 | Loss: 0.0002 | Acurácia: 86.13% | AUC: 0.9209 | F1: 0.8385
2025-02-21 21:31:06,722 - INFO - Época 45 | Loss: 0.0002 | Acurácia: 86.35% | AUC: 0.9206 | F1: 0.8373
2025-02-21 21:36:49,119 - INFO - Época 46 | Loss: 0.0002 | Acurácia: 86.13% | AUC: 0.9201 | F1: 0.8342
2025-02-21 21:42:32,807 - INFO - Época 47 | Loss: 0.0001 | Acurácia: 85.91% | AUC: 0.9196 | F1: 0.8338
2025-02-21 21:48:12,440 - INFO - Época 48 | Loss: 0.0001 | Acurácia: 85.91% | AUC: 0.9192 | F1: 0.8311
2025-02-21 21:53:52,698 - INFO - Época 49 | Loss: 0.0001 | Acurácia: 85.91% | AUC: 0.9190 | F1: 0.8338
2025-02-21 21:59:33,631 - INFO - Época 50 | Loss: 0.0001 | Acurácia: 85.68% | AUC: 0.9182 | F1: 0.8280
2025-02-21 22:05:17,404 - INFO - Época 51 | Loss: 0.0001 | Acurácia: 86.13% | AUC: 0.9201 | F1: 0.8342
2025-02-21 22:11:06,120 - INFO - Época 52 | Loss: 0.0001 | Acurácia: 86.13% | AUC: 0.9196 | F1: 0.8351
2025-02-21 22:16:46,924 - INFO - Época 53 | Loss: 0.0000 | Acurácia: 86.13% | AUC: 0.9196 | F1: 0.8342
2025-02-21 22:22:27,477 - INFO - Época 54 | Loss: 0.2117 | Acurácia: 74.50% | AUC: 0.9129 | F1: 0.7543
2025-02-21 22:28:10,468 - INFO - Época 55 | Loss: 0.1166 | Acurácia: 70.47% | AUC: 0.9084 | F1: 0.7317
2025-02-21 22:33:52,331 - INFO - Época 56 | Loss: 0.0466 | Acurácia: 78.52% | AUC: 0.9079 | F1: 0.6800
2025-02-21 22:39:34,484 - INFO - Época 57 | Loss: 0.0305 | Acurácia: 81.88% | AUC: 0.9024 | F1: 0.7568
2025-02-21 22:45:16,754 - INFO - Época 58 | Loss: 0.0235 | Acurácia: 85.46% | AUC: 0.9158 | F1: 0.8267
2025-02-21 22:51:02,502 - INFO - Época 59 | Loss: 0.0028 | Acurácia: 84.56% | AUC: 0.9160 | F1: 0.8067
2025-02-21 22:56:47,111 - INFO - Época 60 | Loss: 0.0176 | Acurácia: 84.12% | AUC: 0.9123 | F1: 0.8055
2025-02-21 23:02:34,575 - INFO - Época 61 | Loss: 0.0014 | Acurácia: 84.34% | AUC: 0.9112 | F1: 0.8128
2025-02-21 23:08:18,090 - INFO - Época 62 | Loss: 0.0006 | Acurácia: 81.88% | AUC: 0.9097 | F1: 0.8067
2025-02-21 23:14:04,196 - INFO - Época 63 | Loss: 0.0004 | Acurácia: 85.01% | AUC: 0.9132 | F1: 0.8174
2025-02-21 23:19:48,306 - INFO - Época 64 | Loss: 0.0003 | Acurácia: 84.34% | AUC: 0.9104 | F1: 0.8128
2025-02-21 23:25:32,721 - INFO - Época 65 | Loss: 0.0002 | Acurácia: 84.34% | AUC: 0.9097 | F1: 0.8128
2025-02-21 23:31:14,699 - INFO - Época 66 | Loss: 0.0001 | Acurácia: 84.56% | AUC: 0.9116 | F1: 0.8150
2025-02-21 23:37:00,637 - INFO - Época 67 | Loss: 0.0001 | Acurácia: 84.34% | AUC: 0.9087 | F1: 0.8128
2025-02-21 23:42:39,857 - INFO - Época 68 | Loss: 0.0001 | Acurácia: 85.23% | AUC: 0.9120 | F1: 0.8216
2025-02-21 23:48:21,798 - INFO - Época 69 | Loss: 0.0001 | Acurácia: 85.01% | AUC: 0.9120 | F1: 0.8164
2025-02-21 23:54:06,146 - INFO - Época 70 | Loss: 0.0001 | Acurácia: 84.79% | AUC: 0.9121 | F1: 0.8162
2025-02-21 23:59:47,411 - INFO - Época 71 | Loss: 0.0001 | Acurácia: 84.56% | AUC: 0.9102 | F1: 0.8160
2025-02-22 00:05:32,212 - INFO - Época 72 | Loss: 0.0001 | Acurácia: 84.12% | AUC: 0.9105 | F1: 0.8136
2025-02-22 00:11:13,222 - INFO - Época 73 | Loss: 0.0001 | Acurácia: 84.79% | AUC: 0.9113 | F1: 0.8191
2025-02-22 00:16:53,869 - INFO - Época 74 | Loss: 0.0000 | Acurácia: 85.01% | AUC: 0.9118 | F1: 0.8184
2025-02-22 00:22:32,079 - INFO - Época 75 | Loss: 0.0002 | Acurácia: 84.56% | AUC: 0.8624 | F1: 0.8189
2025-02-22 00:28:11,102 - INFO - Época 76 | Loss: 0.2457 | Acurácia: 84.79% | AUC: 0.9117 | F1: 0.8142
2025-02-22 00:33:50,892 - INFO - Época 77 | Loss: 0.0803 | Acurácia: 84.12% | AUC: 0.9083 | F1: 0.7989
2025-02-22 00:39:33,213 - INFO - Época 78 | Loss: 0.0176 | Acurácia: 83.00% | AUC: 0.9091 | F1: 0.8061
2025-02-22 00:45:13,796 - INFO - Época 79 | Loss: 0.0024 | Acurácia: 83.22% | AUC: 0.9090 | F1: 0.7956
2025-02-22 00:50:55,920 - INFO - Época 80 | Loss: 0.0010 | Acurácia: 83.67% | AUC: 0.9090 | F1: 0.8011
2025-02-22 00:56:34,556 - INFO - Época 81 | Loss: 0.0006 | Acurácia: 83.22% | AUC: 0.9102 | F1: 0.8021
2025-02-22 01:02:12,377 - INFO - Época 82 | Loss: 0.0008 | Acurácia: 82.10% | AUC: 0.9074 | F1: 0.7826
2025-02-22 01:07:54,223 - INFO - Época 83 | Loss: 0.0005 | Acurácia: 82.55% | AUC: 0.9080 | F1: 0.7937
2025-02-22 01:13:36,528 - INFO - Época 84 | Loss: 0.0003 | Acurácia: 82.55% | AUC: 0.9094 | F1: 0.7947
2025-02-22 01:19:14,595 - INFO - Época 85 | Loss: 0.0002 | Acurácia: 83.00% | AUC: 0.9105 | F1: 0.8010
2025-02-22 01:24:53,608 - INFO - Época 86 | Loss: 0.0002 | Acurácia: 83.00% | AUC: 0.9102 | F1: 0.7979
2025-02-22 01:30:34,995 - INFO - Época 87 | Loss: 0.0001 | Acurácia: 82.55% | AUC: 0.9093 | F1: 0.7903
2025-02-22 01:36:14,881 - INFO - Época 88 | Loss: 0.0001 | Acurácia: 83.00% | AUC: 0.9101 | F1: 0.8000
2025-02-22 01:41:57,946 - INFO - Época 89 | Loss: 0.0001 | Acurácia: 82.77% | AUC: 0.9100 | F1: 0.7968
2025-02-22 01:47:43,382 - INFO - Época 90 | Loss: 0.0001 | Acurácia: 83.00% | AUC: 0.9102 | F1: 0.8000
2025-02-22 01:53:28,543 - INFO - Época 91 | Loss: 0.0001 | Acurácia: 82.33% | AUC: 0.9099 | F1: 0.7893
2025-02-22 01:59:10,103 - INFO - Época 92 | Loss: 0.0001 | Acurácia: 82.77% | AUC: 0.9108 | F1: 0.7979
2025-02-22 02:04:51,554 - INFO - Época 93 | Loss: 0.0000 | Acurácia: 82.77% | AUC: 0.9103 | F1: 0.7979
2025-02-22 02:10:32,627 - INFO - Época 94 | Loss: 0.0000 | Acurácia: 83.22% | AUC: 0.9083 | F1: 0.8011
2025-02-22 02:16:16,337 - INFO - Época 95 | Loss: 0.0000 | Acurácia: 82.77% | AUC: 0.9088 | F1: 0.7979
2025-02-22 02:22:01,940 - INFO - Época 96 | Loss: 0.1317 | Acurácia: 83.45% | AUC: 0.9077 | F1: 0.7989
2025-02-22 02:27:45,576 - INFO - Época 97 | Loss: 0.1089 | Acurácia: 83.00% | AUC: 0.9150 | F1: 0.8061
2025-02-22 02:33:28,455 - INFO - Época 98 | Loss: 0.0068 | Acurácia: 84.34% | AUC: 0.9153 | F1: 0.8148
2025-02-22 02:39:15,438 - INFO - Época 99 | Loss: 0.0061 | Acurácia: 83.89% | AUC: 0.9154 | F1: 0.8115
2025-02-22 02:45:00,149 - INFO - Época 100 | Loss: 0.0011 | Acurácia: 83.67% | AUC: 0.9153 | F1: 0.8064
2025-02-22 02:50:44,978 - INFO - Época 101 | Loss: 0.0006 | Acurácia: 83.67% | AUC: 0.9165 | F1: 0.8032
2025-02-22 02:56:31,717 - INFO - Época 102 | Loss: 0.0004 | Acurácia: 84.12% | AUC: 0.9177 | F1: 0.8117
2025-02-22 03:02:16,112 - INFO - Época 103 | Loss: 0.0002 | Acurácia: 84.12% | AUC: 0.9165 | F1: 0.8117
2025-02-22 03:08:06,357 - INFO - Época 104 | Loss: 0.0002 | Acurácia: 84.34% | AUC: 0.9183 | F1: 0.8138
2025-02-22 03:13:55,883 - INFO - Época 105 | Loss: 0.0002 | Acurácia: 84.56% | AUC: 0.9186 | F1: 0.8189
2025-02-22 03:19:40,733 - INFO - Época 106 | Loss: 0.0001 | Acurácia: 84.34% | AUC: 0.9177 | F1: 0.8148
2025-02-22 03:25:24,153 - INFO - Época 107 | Loss: 0.0001 | Acurácia: 84.56% | AUC: 0.9183 | F1: 0.8189
2025-02-22 03:31:10,035 - INFO - Época 108 | Loss: 0.0001 | Acurácia: 84.34% | AUC: 0.9190 | F1: 0.8158
2025-02-22 03:36:55,529 - INFO - Época 109 | Loss: 0.0001 | Acurácia: 84.34% | AUC: 0.9188 | F1: 0.8148
2025-02-22 03:42:42,767 - INFO - Época 110 | Loss: 0.0001 | Acurácia: 84.56% | AUC: 0.9197 | F1: 0.8189
2025-02-22 03:48:30,115 - INFO - Época 111 | Loss: 0.0001 | Acurácia: 84.12% | AUC: 0.9196 | F1: 0.8127
2025-02-22 03:54:15,958 - INFO - Época 112 | Loss: 0.0000 | Acurácia: 84.34% | AUC: 0.9188 | F1: 0.8128
2025-02-22 04:00:00,585 - INFO - Época 113 | Loss: 0.0000 | Acurácia: 84.56% | AUC: 0.9179 | F1: 0.8179
2025-02-22 04:05:46,632 - INFO - Época 114 | Loss: 0.0001 | Acurácia: 83.67% | AUC: 0.9194 | F1: 0.8032
2025-02-22 04:11:34,168 - INFO - Época 115 | Loss: 0.0000 | Acurácia: 84.34% | AUC: 0.9196 | F1: 0.8138
2025-02-22 04:17:16,290 - INFO - Época 116 | Loss: 0.0000 | Acurácia: 84.56% | AUC: 0.9194 | F1: 0.8189
2025-02-22 04:23:00,598 - INFO - Época 117 | Loss: 0.0000 | Acurácia: 84.12% | AUC: 0.9195 | F1: 0.8127
2025-02-22 04:28:49,973 - INFO - Época 118 | Loss: 0.0255 | Acurácia: 81.66% | AUC: 0.8822 | F1: 0.7602
2025-02-22 04:34:34,281 - INFO - Época 119 | Loss: 0.1634 | Acurácia: 82.55% | AUC: 0.9023 | F1: 0.7958
2025-02-22 04:40:17,534 - INFO - Época 120 | Loss: 0.0277 | Acurácia: 81.66% | AUC: 0.8990 | F1: 0.7897
2025-02-22 04:45:59,839 - INFO - Época 121 | Loss: 0.0129 | Acurácia: 82.77% | AUC: 0.9034 | F1: 0.8000
2025-02-22 04:51:40,085 - INFO - Época 122 | Loss: 0.0008 | Acurácia: 83.45% | AUC: 0.9029 | F1: 0.8053
2025-02-22 04:57:25,824 - INFO - Época 123 | Loss: 0.0006 | Acurácia: 83.00% | AUC: 0.9021 | F1: 0.8031
2025-02-22 05:03:09,825 - INFO - Época 124 | Loss: 0.0004 | Acurácia: 83.00% | AUC: 0.9018 | F1: 0.8031
2025-02-22 05:08:53,289 - INFO - Época 125 | Loss: 0.0002 | Acurácia: 83.22% | AUC: 0.9015 | F1: 0.8042
2025-02-22 05:14:38,779 - INFO - Época 126 | Loss: 0.0002 | Acurácia: 83.45% | AUC: 0.9013 | F1: 0.8042
2025-02-22 05:20:21,080 - INFO - Época 127 | Loss: 0.0001 | Acurácia: 82.55% | AUC: 0.9011 | F1: 0.7969
2025-02-22 05:26:02,283 - INFO - Época 128 | Loss: 0.0001 | Acurácia: 83.22% | AUC: 0.9023 | F1: 0.8021
2025-02-22 05:31:47,577 - INFO - Época 129 | Loss: 0.0001 | Acurácia: 82.77% | AUC: 0.9027 | F1: 0.7979
2025-02-22 05:37:28,900 - INFO - Época 130 | Loss: 0.0001 | Acurácia: 83.00% | AUC: 0.9010 | F1: 0.8010
2025-02-22 05:43:08,022 - INFO - Época 131 | Loss: 0.0001 | Acurácia: 82.77% | AUC: 0.9017 | F1: 0.8000
2025-02-22 05:48:49,794 - INFO - Época 132 | Loss: 0.0001 | Acurácia: 82.77% | AUC: 0.9015 | F1: 0.8000
2025-02-22 05:54:33,664 - INFO - Época 133 | Loss: 0.0001 | Acurácia: 83.22% | AUC: 0.9015 | F1: 0.8031
2025-02-22 06:00:17,619 - INFO - Época 134 | Loss: 0.0000 | Acurácia: 83.00% | AUC: 0.9008 | F1: 0.8031
2025-02-22 06:06:00,214 - INFO - Época 135 | Loss: 0.0001 | Acurácia: 83.00% | AUC: 0.9004 | F1: 0.7989
2025-02-22 06:11:43,077 - INFO - Época 136 | Loss: 0.0001 | Acurácia: 83.89% | AUC: 0.8988 | F1: 0.8075
2025-02-22 06:17:29,172 - INFO - Época 137 | Loss: 0.0000 | Acurácia: 83.22% | AUC: 0.8995 | F1: 0.8011
2025-02-22 06:23:12,767 - INFO - Época 138 | Loss: 0.2437 | Acurácia: 62.42% | AUC: 0.9028 | F1: 0.6842
2025-02-22 06:28:54,194 - INFO - Época 139 | Loss: 0.0760 | Acurácia: 81.66% | AUC: 0.9048 | F1: 0.7865
2025-02-22 06:34:36,114 - INFO - Época 140 | Loss: 0.0154 | Acurácia: 76.29% | AUC: 0.8951 | F1: 0.7569
2025-02-22 06:40:17,881 - INFO - Época 141 | Loss: 0.0042 | Acurácia: 83.45% | AUC: 0.9008 | F1: 0.8083
2025-02-22 06:46:07,938 - INFO - Época 142 | Loss: 0.0234 | Acurácia: 79.64% | AUC: 0.9050 | F1: 0.7797
2025-02-22 06:51:57,954 - INFO - Época 143 | Loss: 0.0026 | Acurácia: 82.10% | AUC: 0.9046 | F1: 0.7938
2025-02-22 06:57:43,573 - INFO - Época 144 | Loss: 0.0008 | Acurácia: 83.22% | AUC: 0.9039 | F1: 0.8000
2025-02-22 07:03:30,130 - INFO - Época 145 | Loss: 0.0006 | Acurácia: 82.55% | AUC: 0.9042 | F1: 0.7969
2025-02-22 07:09:18,229 - INFO - Época 146 | Loss: 0.0004 | Acurácia: 82.77% | AUC: 0.9037 | F1: 0.7990
2025-02-22 07:15:04,199 - INFO - Época 147 | Loss: 0.0003 | Acurácia: 83.00% | AUC: 0.9040 | F1: 0.8010
2025-02-22 07:20:52,564 - INFO - Época 148 | Loss: 0.0002 | Acurácia: 83.00% | AUC: 0.9044 | F1: 0.8000
2025-02-22 07:26:34,700 - INFO - Época 149 | Loss: 0.0002 | Acurácia: 84.79% | AUC: 0.9034 | F1: 0.8101
2025-02-22 07:32:20,265 - INFO - Época 150 | Loss: 0.0001 | Acurácia: 82.77% | AUC: 0.9029 | F1: 0.7968
2025-02-22 07:38:04,724 - INFO - Época 151 | Loss: 0.0001 | Acurácia: 82.10% | AUC: 0.9031 | F1: 0.7927
2025-02-22 07:43:53,228 - INFO - Época 152 | Loss: 0.0001 | Acurácia: 82.77% | AUC: 0.9040 | F1: 0.7968
2025-02-22 07:49:42,957 - INFO - Época 153 | Loss: 0.0000 | Acurácia: 83.22% | AUC: 0.9038 | F1: 0.8011
2025-02-22 07:55:29,351 - INFO - Época 154 | Loss: 0.0000 | Acurácia: 83.67% | AUC: 0.9040 | F1: 0.8053
2025-02-22 08:01:16,317 - INFO - Época 155 | Loss: 0.0000 | Acurácia: 83.67% | AUC: 0.9039 | F1: 0.8053
2025-02-22 08:07:03,110 - INFO - Época 156 | Loss: 0.0000 | Acurácia: 83.22% | AUC: 0.9040 | F1: 0.8042
2025-02-22 08:12:52,006 - INFO - Época 157 | Loss: 0.0000 | Acurácia: 83.45% | AUC: 0.9038 | F1: 0.8032
2025-02-22 08:12:52,006 - INFO - Early stopping na época 157
2025-02-22 08:12:52,007 - INFO - Treinamento concluído! Resultados salvos em /home/thalles.fontainha/3dCnnOtimizada/final_results_20250221_171259.json
